2012-12-24 15:28:30 Error: [MissingControllerException] Controller class ConsultantsController could not be found.
#0 C:\Sites\sws\app\webroot\index.php(92): Dispatcher->dispatch(Object(CakeRequest), Object(CakeResponse))
#1 {main}
2012-12-24 15:29:47 Error: Fatal Error (4): syntax error, unexpected '$name' (T_VARIABLE), expecting function (T_FUNCTION) in [C:\Sites\sws\app\Controller\ConsultantsController.php, line 10]
2012-12-24 15:29:47 Error: [FatalErrorException] syntax error, unexpected '$name' (T_VARIABLE), expecting function (T_FUNCTION)
#0 C:\Sites\sws\lib\Cake\Error\ErrorHandler.php(161): ErrorHandler::handleFatalError(4, 'syntax error, u...', 'C:\Sites\sws\ap...', 10)
#1 [internal function]: ErrorHandler::handleError(4, 'syntax error, u...', 'C:\Sites\sws\ap...', 10, Array)
#2 C:\Sites\sws\lib\Cake\Core\App.php(926): call_user_func('ErrorHandler::h...', 4, 'syntax error, u...', 'C:\Sites\sws\ap...', 10, Array)
#3 C:\Sites\sws\lib\Cake\Core\App.php(899): App::_checkFatalError()
#4 [internal function]: App::shutdown()
#5 {main}
2012-12-24 15:33:08 Error: [MissingActionException] Action ConsultantsController::index() could not be found.
#0 C:\Sites\sws\lib\Cake\Routing\Dispatcher.php(186): Controller->invokeAction(Object(CakeRequest))
#1 C:\Sites\sws\lib\Cake\Routing\Dispatcher.php(161): Dispatcher->_invoke(Object(ConsultantsController), Object(CakeRequest), Object(CakeResponse))
#2 C:\Sites\sws\app\webroot\index.php(92): Dispatcher->dispatch(Object(CakeRequest), Object(CakeResponse))
#3 {main}
2012-12-24 15:33:24 Error: [MissingViewException] View file "C:\Sites\sws\app\View\Consultants\index.ctp" is missing.
#0 C:\Sites\sws\lib\Cake\View\View.php(473): View->_getViewFileName(NULL)
#1 C:\Sites\sws\lib\Cake\Controller\Controller.php(956): View->render(NULL, NULL)
#2 C:\Sites\sws\lib\Cake\Routing\Dispatcher.php(193): Controller->render()
#3 C:\Sites\sws\lib\Cake\Routing\Dispatcher.php(161): Dispatcher->_invoke(Object(ConsultantsController), Object(CakeRequest), Object(CakeResponse))
#4 C:\Sites\sws\app\webroot\index.php(92): Dispatcher->dispatch(Object(CakeRequest), Object(CakeResponse))
#5 {main}
2012-12-24 15:34:05 Error: [MissingViewException] View file "C:\Sites\sws\app\View\Consultants\index.ctp" is missing.
#0 C:\Sites\sws\lib\Cake\View\View.php(473): View->_getViewFileName(NULL)
#1 C:\Sites\sws\lib\Cake\Controller\Controller.php(956): View->render(NULL, NULL)
#2 C:\Sites\sws\lib\Cake\Routing\Dispatcher.php(193): Controller->render()
#3 C:\Sites\sws\lib\Cake\Routing\Dispatcher.php(161): Dispatcher->_invoke(Object(ConsultantsController), Object(CakeRequest), Object(CakeResponse))
#4 C:\Sites\sws\app\webroot\index.php(92): Dispatcher->dispatch(Object(CakeRequest), Object(CakeResponse))
#5 {main}
2012-12-24 15:34:07 Error: [MissingViewException] View file "C:\Sites\sws\app\View\Consultants\index.ctp" is missing.
#0 C:\Sites\sws\lib\Cake\View\View.php(473): View->_getViewFileName(NULL)
#1 C:\Sites\sws\lib\Cake\Controller\Controller.php(956): View->render(NULL, NULL)
#2 C:\Sites\sws\lib\Cake\Routing\Dispatcher.php(193): Controller->render()
#3 C:\Sites\sws\lib\Cake\Routing\Dispatcher.php(161): Dispatcher->_invoke(Object(ConsultantsController), Object(CakeRequest), Object(CakeResponse))
#4 C:\Sites\sws\app\webroot\index.php(92): Dispatcher->dispatch(Object(CakeRequest), Object(CakeResponse))
#5 {main}
2012-12-24 15:43:14 Error: Fatal Error (4): syntax error, unexpected '->' (T_OBJECT_OPERATOR) in [C:\Sites\sws\app\Controller\ConsultantsController.php, line 13]
2012-12-24 15:43:14 Error: [FatalErrorException] syntax error, unexpected '->' (T_OBJECT_OPERATOR)
#0 C:\Sites\sws\lib\Cake\Error\ErrorHandler.php(161): ErrorHandler::handleFatalError(4, 'syntax error, u...', 'C:\Sites\sws\ap...', 13)
#1 [internal function]: ErrorHandler::handleError(4, 'syntax error, u...', 'C:\Sites\sws\ap...', 13, Array)
#2 C:\Sites\sws\lib\Cake\Core\App.php(926): call_user_func('ErrorHandler::h...', 4, 'syntax error, u...', 'C:\Sites\sws\ap...', 13, Array)
#3 C:\Sites\sws\lib\Cake\Core\App.php(899): App::_checkFatalError()
#4 [internal function]: App::shutdown()
#5 {main}
2012-12-24 15:43:39 Error: Fatal Error (1): Call to a member function find() on a non-object in [C:\Sites\sws\app\Controller\ConsultantsController.php, line 13]
2012-12-24 15:43:39 Error: [FatalErrorException] Call to a member function find() on a non-object
#0 C:\Sites\sws\lib\Cake\Error\ErrorHandler.php(161): ErrorHandler::handleFatalError(1, 'Call to a membe...', 'C:\Sites\sws\ap...', 13)
#1 [internal function]: ErrorHandler::handleError(1, 'Call to a membe...', 'C:\Sites\sws\ap...', 13, Array)
#2 C:\Sites\sws\lib\Cake\Core\App.php(926): call_user_func('ErrorHandler::h...', 1, 'Call to a membe...', 'C:\Sites\sws\ap...', 13, Array)
#3 C:\Sites\sws\lib\Cake\Core\App.php(899): App::_checkFatalError()
#4 [internal function]: App::shutdown()
#5 {main}
2012-12-24 16:32:05 Error: Fatal Error (4): syntax error, unexpected 'public' (T_PUBLIC), expecting ',' or ';' in [C:\Sites\sws\app\Controller\ConsultantsController.php, line 13]
2012-12-24 16:32:06 Error: [FatalErrorException] syntax error, unexpected 'public' (T_PUBLIC), expecting ',' or ';'
#0 C:\Sites\sws\lib\Cake\Error\ErrorHandler.php(161): ErrorHandler::handleFatalError(4, 'syntax error, u...', 'C:\Sites\sws\ap...', 13)
#1 [internal function]: ErrorHandler::handleError(4, 'syntax error, u...', 'C:\Sites\sws\ap...', 13, Array)
#2 C:\Sites\sws\lib\Cake\Core\App.php(926): call_user_func('ErrorHandler::h...', 4, 'syntax error, u...', 'C:\Sites\sws\ap...', 13, Array)
#3 C:\Sites\sws\lib\Cake\Core\App.php(899): App::_checkFatalError()
#4 [internal function]: App::shutdown()
#5 {main}
2012-12-24 16:43:23 Error: [MissingActionException] Action ConsultantsController::view() could not be found.
#0 C:\Sites\sws\lib\Cake\Routing\Dispatcher.php(186): Controller->invokeAction(Object(CakeRequest))
#1 C:\Sites\sws\lib\Cake\Routing\Dispatcher.php(161): Dispatcher->_invoke(Object(ConsultantsController), Object(CakeRequest), Object(CakeResponse))
#2 C:\Sites\sws\app\webroot\index.php(92): Dispatcher->dispatch(Object(CakeRequest), Object(CakeResponse))
#3 {main}
2012-12-24 16:43:34 Error: [MissingActionException] Action ConsultantsController::view() could not be found.
#0 C:\Sites\sws\lib\Cake\Routing\Dispatcher.php(186): Controller->invokeAction(Object(CakeRequest))
#1 C:\Sites\sws\lib\Cake\Routing\Dispatcher.php(161): Dispatcher->_invoke(Object(ConsultantsController), Object(CakeRequest), Object(CakeResponse))
#2 C:\Sites\sws\app\webroot\index.php(92): Dispatcher->dispatch(Object(CakeRequest), Object(CakeResponse))
#3 {main}
